0 info it worked if it ends with ok
1 verbose cli [ '/usr/bin/node', '/usr/bin/npm', 'run', 'react:compile' ]
2 info using npm@3.5.2
3 info using node@v8.10.0
4 verbose run-script [ 'prereact:compile', 'react:compile', 'postreact:compile' ]
5 info lifecycle back-end-meetup@1.0.0~prereact:compile: back-end-meetup@1.0.0
6 silly lifecycle back-end-meetup@1.0.0~prereact:compile: no script for prereact:compile, continuing
7 info lifecycle back-end-meetup@1.0.0~react:compile: back-end-meetup@1.0.0
8 verbose lifecycle back-end-meetup@1.0.0~react:compile: unsafe-perm in lifecycle true
9 verbose lifecycle back-end-meetup@1.0.0~react:compile: PATH: /usr/share/npm/bin/node-gyp-bin:/home/umairnadeem/Documents/hack reactor/gits/hrsf117-self-assessment-week-09-v1/meetup-back-end/node_modules/.bin:/usr/local/sbin:/usr/local/bin:/usr/sbin:/usr/bin:/sbin:/bin:/usr/games:/usr/local/games:/snap/bin
10 verbose lifecycle back-end-meetup@1.0.0~react:compile: CWD: /home/umairnadeem/Documents/hack reactor/gits/hrsf117-self-assessment-week-09-v1/meetup-back-end
11 silly lifecycle back-end-meetup@1.0.0~react:compile: Args: [ '-c', 'webpack -p -w' ]
12 silly lifecycle back-end-meetup@1.0.0~react:compile: Returned: code: 143  signal: null
13 info lifecycle back-end-meetup@1.0.0~react:compile: Failed to exec react:compile script
14 verbose stack Error: back-end-meetup@1.0.0 react:compile: `webpack -p -w`
14 verbose stack Exit status 143
14 verbose stack     at EventEmitter.<anonymous> (/usr/share/npm/lib/utils/lifecycle.js:232:16)
14 verbose stack     at emitTwo (events.js:126:13)
14 verbose stack     at EventEmitter.emit (events.js:214:7)
14 verbose stack     at ChildProcess.<anonymous> (/usr/share/npm/lib/utils/spawn.js:24:14)
14 verbose stack     at emitTwo (events.js:126:13)
14 verbose stack     at ChildProcess.emit (events.js:214:7)
14 verbose stack     at maybeClose (internal/child_process.js:925:16)
14 verbose stack     at Process.ChildProcess._handle.onexit (internal/child_process.js:209:5)
15 verbose pkgid back-end-meetup@1.0.0
16 verbose cwd /home/umairnadeem/Documents/hack reactor/gits/hrsf117-self-assessment-week-09-v1/meetup-back-end
17 error Linux 4.18.0-20-generic
18 error argv "/usr/bin/node" "/usr/bin/npm" "run" "react:compile"
19 error node v8.10.0
20 error npm  v3.5.2
21 error code ELIFECYCLE
22 error back-end-meetup@1.0.0 react:compile: `webpack -p -w`
22 error Exit status 143
23 error Failed at the back-end-meetup@1.0.0 react:compile script 'webpack -p -w'.
23 error Make sure you have the latest version of node.js and npm installed.
23 error If you do, this is most likely a problem with the back-end-meetup package,
23 error not with npm itself.
23 error Tell the author that this fails on your system:
23 error     webpack -p -w
23 error You can get information on how to open an issue for this project with:
23 error     npm bugs back-end-meetup
23 error Or if that isn't available, you can get their info via:
23 error     npm owner ls back-end-meetup
23 error There is likely additional logging output above.
24 verbose exit [ 1, true ]
